Arguments: 
  C:\Program Files\nodejs\node.exe C:\Program Files (x86)\Yarn\bin\yarn.js init

PATH: 
  C:\Program Files\PowerShell\7;C:\Program Files (x86)\Microsoft SDKs\Azure\CLI2\wbin;C:\Program Files (x86)\Common Files\Oracle\Java\javapath;C:\Windows\system32;C:\Windows;C:\Windows\System32\Wbem;C:\Windows\System32\WindowsPowerShell\v1.0\;C:\Windows\System32\OpenSSH\;C:\ProgramData\chocolatey\bin;C:\Program Files\Microsoft VS Code\bin;C:\Program Files\dotnet\;C:\Program Files\Microsoft SQL Server\130\Tools\Binn\;C:\Program Files\Microsoft\Azure Functions Core Tools\;C:\Program Files\Microsoft SQL Server\150\Tools\Binn\;C:\Program Files\Microsoft SQL Server\Client SDK\ODBC\170\Tools\Binn\;C:\Program Files (x86)\dotnet\;C:\Program Files (x86)\Microsoft SQL Server\150\DTS\Binn\;C:\Program Files\nodejs\;C:\Program Files\PuTTY\;C:\Program Files (x86)\Yarn\bin\;C:\Program Files\Cloudflare\Cloudflare WARP\;C:\WINDOWS\system32;C:\WINDOWS;C:\WINDOWS\System32\Wbem;C:\WINDOWS\System32\WindowsPowerShell\v1.0\;C:\WINDOWS\System32\OpenSSH\;C:\Program Files (x86)\Gpg4win\..\GnuPG\bin;C:\Program Files\Amazon\AWSCLIV2\;C:\Program Files\Amazon\AWSSAMCLI\bin\;C:\Program Files\Git\cmd;C:\Program Files\PowerShell\7\;C:\Users\LukasHolota\AppData\Local\Microsoft\WindowsApps;C:\Users\LukasHolota\.dotnet\tools;C:\Program Files\Oracle\VirtualBox;C:\Program Files\Azure Data Studio\bin;C:\Users\LukasHolota\.kubescape;C:\Users\LukasHolota\AppData\Roaming\npm;C:\Program Files (x86)\Rico Suter\NSwagStudio\;C:\Users\LukasHolota\AppData\Local\Yarn\bin;%USERPROFILE%\AppData\Local\Microsoft\WindowsApps;

Yarn version: 
  1.22.19

Node version: 
  16.17.1

Platform: 
  win32 x64

Trace: 
  Error: canceled
      at Interface.<anonymous> (C:\Program Files (x86)\Yarn\lib\cli.js:137150:13)
      at Interface.emit (node:events:513:28)
      at Interface._ttyWrite (node:readline:1085:16)
      at ReadStream.onkeypress (node:readline:291:10)
      at ReadStream.emit (node:events:513:28)
      at emitKeys (node:internal/readline/utils:357:14)
      at emitKeys.next (<anonymous>)
      at ReadStream.onData (node:internal/readline/emitKeypressEvents:61:36)
      at ReadStream.emit (node:events:513:28)
      at addChunk (node:internal/streams/readable:315:12)

npm manifest: 
  {
    "name": "homecentr-cloud",
    "version": "1.0.0",
    "private": true,
    "repository": "git@github.com:homecentr/cloud.git",
    "author": "Lukas Holota <me@lholota.com>",
    "license": "GPL",
    "scripts": {
      "format:check": "terraform fmt -check ./terraform",
      "format": "terraform fmt ./terraform",
  
      "init": "terraform -chdir=./terraform init -input=false",
      "validate": "terraform -chdir=./terraform validate -no-color",
  
      "lab:plan": "terraform -chdir=./terraform plan -input=false -var-file=../environments/lab.tfvars -var-file=../environments/shared.tfvars -no-color",
      "lab:apply": "terraform -chdir=./terraform apply -input=false -var-file=../environments/lab.tfvars -var-file=../environments/shared.tfvars -auto-approve -no-color",
      
      "prod:plan": "terraform -chdir=./terraform plan -input=false -var-file=../environments/prod.tfvars -var-file=../environments/shared.tfvars -no-color",
      "prod:apply": "terraform -chdir=./terraform apply -input=false -var-file=../environments/prod.tfvars -var-file=../environments/shared.tfvars -auto-approve  -no-color"
    }
  }

yarn manifest: 
  No manifest

Lockfile: 
  No lockfile
